<?xml version="1.0" encoding="UTF-8"?>
<!-- Generated by org.testng.reporters.JUnitReportReporter -->
<testsuite skipped="0" hostname="S-23" name="QuoteMail_SelAllVerify.QuoteMail_TestCase" tests="5" failures="0" timestamp="2019-12-09T13:56:07 IST" time="185.729" errors="0">
  <testcase name="LoggedIn_AmilFreight" time="0.004" classname="QuoteMail_SelAllVerify.QuoteMail_TestCase"/>
  <testcase name="PostLoad_toOpenStatus" time="0.001" classname="QuoteMail_SelAllVerify.QuoteMail_TestCase"/>
  <testcase name="EmailReceipent_List" time="0.000" classname="QuoteMail_SelAllVerify.QuoteMail_TestCase"/>
  <testcase name="MailQuote_AmountVerify" time="135.504" classname="QuoteMail_SelAllVerify.QuoteMail_TestCase"/>
  <testcase name="LoggedOut_AmilFreight" time="50.220" classname="QuoteMail_SelAllVerify.QuoteMail_TestCase"/>
</testsuite> <!-- QuoteMail_SelAllVerify.QuoteMail_TestCase -->
