<?xml version="1.0" encoding="UTF-8"?>
<!-- Generated by org.testng.reporters.JUnitReportReporter -->
<testsuite skipped="0" hostname="S-23" name="QuoteMail_SelAllVerify.PostAvail_Truck" tests="1" failures="0" timestamp="2019-12-10T13:38:21 IST" time="53.873" errors="0">
  <testcase name="available_PostTruck" time="53.873" classname="QuoteMail_SelAllVerify.PostAvail_Truck"/>
</testsuite> <!-- QuoteMail_SelAllVerify.PostAvail_Truck -->
