<?xml version="1.0" encoding="UTF-8"?>
<!-- Generated by org.testng.reporters.JUnitReportReporter -->
<testsuite skipped="0" hostname="S-23" name="loginPage_Validations.Pasword_Validation" tests="1" failures="0" timestamp="2019-12-13T12:23:51 IST" time="22.897" errors="0">
  <testcase name="Check_Alerts_LoginPage" time="22.897" classname="loginPage_Validations.Pasword_Validation"/>
</testsuite> <!-- loginPage_Validations.Pasword_Validation -->
