<?xml version="1.0" encoding="UTF-8"?>
<!-- Generated by org.testng.reporters.JUnitReportReporter -->
<testsuite skipped="0" hostname="S-23" name="ztried_Sofar.Useful_Return_Load" tests="2" failures="0" timestamp="2019-12-17T18:32:20 IST" time="11.582" errors="0">
  <testcase name="Find_ReturnLoad" time="6.203" classname="ztried_Sofar.Useful_Return_Load"/>
  <testcase name="Find_ReturnLoads_Test2" time="5.379" classname="ztried_Sofar.Useful_Return_Load"/>
</testsuite> <!-- ztried_Sofar.Useful_Return_Load -->
