<?xml version="1.0" encoding="UTF-8"?>
<!-- Generated by org.testng.reporters.JUnitReportReporter -->
<testsuite skipped="0" hostname="S-23" name="Shipment_Notes.Notes_TestCase" tests="2" failures="0" timestamp="2020-01-02T17:50:51 IST" time="135.306" errors="0">
  <testcase name="LoggedIn_AmilFreight" time="5.241" classname="Shipment_Notes.Notes_TestCase"/>
  <testcase name="ShipmentNotes_AmilFreight" time="130.065" classname="Shipment_Notes.Notes_TestCase"/>
</testsuite> <!-- Shipment_Notes.Notes_TestCase -->
