<?xml version="1.0" encoding="UTF-8"?>
<!-- Generated by org.testng.reporters.JUnitReportReporter -->
<testsuite skipped="0" hostname="S-23" name="QuoteMail_SelAllVerify.DataBase_QuoteResponse" tests="1" failures="0" timestamp="2019-11-27T18:26:42 IST" time="2.921" errors="0">
  <testcase name="gettingvaluecategory" time="2.921" classname="QuoteMail_SelAllVerify.DataBase_QuoteResponse"/>
</testsuite> <!-- QuoteMail_SelAllVerify.DataBase_QuoteResponse -->
