<?xml version="1.0" encoding="UTF-8"?>
<!-- Generated by org.testng.reporters.JUnitReportReporter -->
<testsuite skipped="0" hostname="S-23" name="carrier_CRM.AMF003TC_CarrierCRMConcepts" tests="2" failures="0" timestamp="2020-01-27T12:21:30 IST" time="93.603" errors="0">
  <testcase name="LoggedIn_AmilFreight" time="93.603" classname="carrier_CRM.AMF003TC_CarrierCRMConcepts"/>
  <testcase name="Carrier_SignUp2" time="0.000" classname="carrier_CRM.AMF003TC_CarrierCRMConcepts"/>
</testsuite> <!-- carrier_CRM.AMF003TC_CarrierCRMConcepts -->
