<?xml version="1.0" encoding="UTF-8"?>
<!-- Generated by org.testng.reporters.JUnitReportReporter -->
<testsuite skipped="0" hostname="S-23" name="aAA_ShipmentFullFlow.PraveenAnne" tests="1" failures="0" timestamp="02 Mar 2020 08:29:49 GMT" time="0.006" errors="0">
  <testcase name="ravitej" time="0.006" classname="aAA_ShipmentFullFlow.PraveenAnne"/>
</testsuite> <!-- aAA_ShipmentFullFlow.PraveenAnne -->
