<?xml version="1.0" encoding="UTF-8"?>
<!-- Generated by org.testng.reporters.JUnitReportReporter -->
<testsuite skipped="0" hostname="S-23" name="load_Board.LoadBoard_TestCase" tests="3" failures="0" timestamp="2020-02-17T12:15:00 IST" time="57.808" errors="0">
  <testcase name="LoggedIn_AmilFreight" time="0.003" classname="load_Board.LoadBoard_TestCase"/>
  <testcase name="Navigation_AmilFreight" time="0.000" classname="load_Board.LoadBoard_TestCase"/>
  <testcase name="LoadBoardAmilFreight" time="57.805" classname="load_Board.LoadBoard_TestCase"/>
</testsuite> <!-- load_Board.LoadBoard_TestCase -->
