<?xml version="1.0" encoding="UTF-8"?>
<!-- Generated by org.testng.reporters.JUnitReportReporter -->
<testsuite skipped="0" hostname="S-23" name="QuoteMail_SelAllVerify.SQLConnector" tests="1" failures="0" timestamp="2019-11-26T15:18:08 IST" time="0.004" errors="0">
  <testcase name="test" time="0.004" classname="QuoteMail_SelAllVerify.SQLConnector"/>
</testsuite> <!-- QuoteMail_SelAllVerify.SQLConnector -->
