<?xml version="1.0" encoding="UTF-8"?>
<!-- Generated by org.testng.reporters.JUnitReportReporter -->
<testsuite skipped="0" hostname="S-23" name="aAA_ShipmentFullFlow.TC101_Post_2_Completed" tests="2" failures="0" timestamp="2020-01-02T17:12:57 IST" time="273.274" errors="0">
  <testcase name="LoggedIn_AmilFreight" time="1.957" classname="aAA_ShipmentFullFlow.TC101_Post_2_Completed"/>
  <testcase name="Navigation_AmilFreight" time="271.317" classname="aAA_ShipmentFullFlow.TC101_Post_2_Completed"/>
</testsuite> <!-- aAA_ShipmentFullFlow.TC101_Post_2_Completed -->
