<?xml version="1.0" encoding="UTF-8"?>
<!-- Generated by org.testng.reporters.JUnitReportReporter -->
<testsuite skipped="0" hostname="S-23" name="aAA_ShipmentFullFlow.TC101_Post_2_Completed" tests="2" failures="0" timestamp="2020-02-17T12:15:00 IST" time="9.315" errors="0">
  <testcase name="LoggedIn_AmilFreight" time="9.314" classname="aAA_ShipmentFullFlow.TC101_Post_2_Completed"/>
  <testcase name="Navigation_AmilFreight" time="0.001" classname="aAA_ShipmentFullFlow.TC101_Post_2_Completed"/>
</testsuite> <!-- aAA_ShipmentFullFlow.TC101_Post_2_Completed -->
