<?xml version="1.0" encoding="UTF-8"?>
<!-- Generated by org.testng.reporters.JUnitReportReporter -->
<testsuite skipped="0" hostname="S-23" name="aaui_EDMSpage.TestCase" tests="2" failures="0" timestamp="2019-12-11T15:36:13 IST" time="271.459" errors="0">
  <testcase name="LoggedIn_AmilFreight" time="1.887" classname="aaui_EDMSpage.TestCase"/>
  <testcase name="Navigation_AmilFreight" time="269.572" classname="aaui_EDMSpage.TestCase"/>
</testsuite> <!-- aaui_EDMSpage.TestCase -->
