<?xml version="1.0" encoding="UTF-8"?>
<!-- Generated by org.testng.reporters.JUnitReportReporter -->
<testsuite skipped="0" hostname="S-23" name="aAAA_Notes001.Notes_TestCase" tests="2" failures="0" timestamp="2019-12-21T16:04:58 IST" time="138.080" errors="0">
  <testcase name="LoggedIn_AmilFreight" time="5.697" classname="aAAA_Notes001.Notes_TestCase"/>
  <testcase name="ShipmentNotes_AmilFreight" time="132.383" classname="aAAA_Notes001.Notes_TestCase"/>
</testsuite> <!-- aAAA_Notes001.Notes_TestCase -->
