<?xml version="1.0" encoding="UTF-8"?>
<!-- Generated by org.testng.reporters.JUnitReportReporter -->
<testsuite skipped="0" hostname="S-23" name="ztried_Sofar.DataBase2" tests="1" failures="0" timestamp="2019-12-13T17:36:51 IST" time="2.568" errors="0">
  <testcase name="gettingvaluecategory" time="2.568" classname="ztried_Sofar.DataBase2"/>
</testsuite> <!-- ztried_Sofar.DataBase2 -->
