<?xml version="1.0" encoding="UTF-8"?>
<!-- Generated by org.testng.reporters.JUnitReportReporter -->
<testsuite skipped="0" hostname="S-23" name="QuoteMail_SelAllVerify.DataBase2" tests="1" failures="0" timestamp="2019-11-27T11:43:04 IST" time="2.778" errors="0">
  <testcase name="gettingvaluecategory" time="2.778" classname="QuoteMail_SelAllVerify.DataBase2"/>
</testsuite> <!-- QuoteMail_SelAllVerify.DataBase2 -->
