<?xml version="1.0" encoding="UTF-8"?>
<!-- Generated by org.testng.reporters.JUnitReportReporter -->
<testsuite skipped="0" hostname="S-23" name="QuoteMail_SelAllVerify.AvailableTruck" tests="1" failures="0" timestamp="2019-12-09T12:45:14 IST" time="37.029" errors="0">
  <testcase name="available_PostTruck" time="37.029" classname="QuoteMail_SelAllVerify.AvailableTruck"/>
</testsuite> <!-- QuoteMail_SelAllVerify.AvailableTruck -->
