<?xml version="1.0" encoding="UTF-8"?>
<!-- Generated by org.testng.reporters.JUnitReportReporter -->
<testsuite skipped="0" hostname="S-23" name="accounts_Module.Template_TestCase" tests="2" failures="0" timestamp="2020-02-17T12:15:00 IST" time="46.018" errors="0">
  <testcase name="LoggedIn_AmilFreight" time="9.161" classname="accounts_Module.Template_TestCase"/>
  <testcase name="LoggedOut_AmilFreight" time="36.857" classname="accounts_Module.Template_TestCase"/>
</testsuite> <!-- accounts_Module.Template_TestCase -->
