<?xml version="1.0" encoding="UTF-8"?>
<!-- Generated by org.testng.reporters.JUnitReportReporter -->
<testsuite skipped="0" hostname="S-23" name="zUsed_Classes.AMF002TC_Post2OpenLoad" tests="5" failures="0" timestamp="2020-02-17T12:15:00 IST" time="0.002" errors="0">
  <testcase name="LoggedIn_AmilFreight" time="0.000" classname="zUsed_Classes.AMF002TC_Post2OpenLoad"/>
  <testcase name="PostLoad_toOpenStatus" time="0.001" classname="zUsed_Classes.AMF002TC_Post2OpenLoad"/>
  <testcase name="EmailReceipent_List" time="0.001" classname="zUsed_Classes.AMF002TC_Post2OpenLoad"/>
  <testcase name="MailQuote_AmountVerify" time="0.000" classname="zUsed_Classes.AMF002TC_Post2OpenLoad"/>
  <testcase name="LoggedOut_AmilFreight" time="0.000" classname="zUsed_Classes.AMF002TC_Post2OpenLoad"/>
</testsuite> <!-- zUsed_Classes.AMF002TC_Post2OpenLoad -->
