<?xml version="1.0" encoding="UTF-8"?>
<!-- Generated by org.testng.reporters.JUnitReportReporter -->
<testsuite skipped="0" hostname="S-23" name="blackList_Reason.Duplicate_ShipmentTC" tests="2" failures="0" timestamp="2020-01-03T15:30:37 IST" time="39.053" errors="0">
  <testcase name="LoggedIn_AmilFreight" time="2.012" classname="blackList_Reason.Duplicate_ShipmentTC"/>
  <testcase name="Navigation_AmilFreight" time="37.041" classname="blackList_Reason.Duplicate_ShipmentTC"/>
</testsuite> <!-- blackList_Reason.Duplicate_ShipmentTC -->
