<?xml version="1.0" encoding="UTF-8"?>
<!-- Generated by org.testng.reporters.JUnitReportReporter -->
<testsuite skipped="0" hostname="S-23" name="aAAA_001.MenuNavigator_TestCase" tests="1" failures="0" timestamp="2019-12-18T12:05:24 IST" time="1.532" errors="0">
  <testcase name="LoggedIn_AmilFreight" time="1.532" classname="aAAA_001.MenuNavigator_TestCase"/>
</testsuite> <!-- aAAA_001.MenuNavigator_TestCase -->
