<?xml version="1.0" encoding="UTF-8"?>
<!-- Generated by org.testng.reporters.JUnitReportReporter -->
<testsuite skipped="0" hostname="S-23" name="load_Board.LoadBoard_TestCase" tests="3" failures="0" timestamp="2020-01-06T19:12:08 IST" time="0.016" errors="0">
  <testcase name="LoggedIn_AmilFreight" time="0.000" classname="load_Board.LoadBoard_TestCase"/>
  <testcase name="Navigation_AmilFreight" time="0.016" classname="load_Board.LoadBoard_TestCase"/>
  <testcase name="LoggedOut_AmilFreight" time="0.000" classname="load_Board.LoadBoard_TestCase"/>
</testsuite> <!-- load_Board.LoadBoard_TestCase -->
