<?xml version="1.0" encoding="UTF-8"?>
<!-- Generated by org.testng.reporters.JUnitReportReporter -->
<testsuite skipped="0" hostname="S-23" name="testcases_Amil.AMF000TC_ShipperCRMConcept_3" tests="2" failures="0" timestamp="2019-10-18T15:28:31 IST" time="79.696" errors="0">
  <testcase name="LoggedIn_AmilFreight" time="8.293" classname="testcases_Amil.AMF000TC_ShipperCRMConcept_3"/>
  <testcase name="ShipperCRM_AmilFreight" time="71.403" classname="testcases_Amil.AMF000TC_ShipperCRMConcept_3"/>
</testsuite> <!-- testcases_Amil.AMF000TC_ShipperCRMConcept_3 -->
