<?xml version="1.0" encoding="UTF-8"?>
<!-- Generated by org.testng.reporters.JUnitReportReporter -->
<testsuite skipped="0" hostname="S-23" name="aAAA_001.Notes_TestCase" tests="2" failures="0" timestamp="2019-12-18T16:08:05 IST" time="25.939" errors="0">
  <testcase name="LoggedIn_AmilFreight" time="1.905" classname="aAAA_001.Notes_TestCase"/>
  <testcase name="ShipmentNotes_AmilFreight" time="24.034" classname="aAAA_001.Notes_TestCase"/>
</testsuite> <!-- aAAA_001.Notes_TestCase -->
