<?xml version="1.0" encoding="UTF-8"?>
<!-- Generated by org.testng.reporters.JUnitReportReporter -->
<testsuite skipped="0" hostname="S-23" name="accounts_Module.Template_TestCase" tests="2" failures="0" timestamp="2019-12-06T19:32:52 IST" time="34.734" errors="0">
  <testcase name="LoggedIn_AmilFreight" time="1.869" classname="accounts_Module.Template_TestCase"/>
  <testcase name="LoggedOut_AmilFreight" time="32.865" classname="accounts_Module.Template_TestCase"/>
</testsuite> <!-- accounts_Module.Template_TestCase -->
