<?xml version="1.0" encoding="UTF-8"?>
<!-- Generated by org.testng.reporters.JUnitReportReporter -->
<testsuite skipped="0" hostname="S-23" name="aaui_EDMSpage.EdmsFull" tests="1" failures="0" timestamp="2019-12-06T16:46:19 IST" time="102.304" errors="0">
  <testcase name="edms_Complete" time="102.304" classname="aaui_EDMSpage.EdmsFull"/>
</testsuite> <!-- aaui_EDMSpage.EdmsFull -->
