<?xml version="1.0" encoding="UTF-8"?>
<!-- Generated by org.testng.reporters.JUnitReportReporter -->
<testsuite skipped="0" hostname="S-23" name="ztried_Sofar.DataBase3" tests="1" failures="0" timestamp="2019-12-16T12:58:28 IST" time="8.815" errors="0">
  <testcase name="gettingvaluecategory" time="8.815" classname="ztried_Sofar.DataBase3"/>
</testsuite> <!-- ztried_Sofar.DataBase3 -->
