<?xml version="1.0" encoding="UTF-8"?>
<!-- Generated by org.testng.reporters.JUnitReportReporter -->
<testsuite skipped="0" hostname="S-23" name="ztried_Sofar.DataBase" tests="1" failures="0" timestamp="2019-12-13T13:29:08 IST" time="2.540" errors="0">
  <testcase name="gettingvaluecategory" time="2.540" classname="ztried_Sofar.DataBase"/>
</testsuite> <!-- ztried_Sofar.DataBase -->
