<?xml version="1.0" encoding="UTF-8"?>
<!-- Generated by org.testng.reporters.JUnitReportReporter -->
<testsuite skipped="0" hostname="S-23" name="praveen_Developing.CarrierSignupActions_Test" tests="3" failures="0" timestamp="2019-10-31T16:59:52 IST" time="15.820" errors="3">
  <testcase name="carrier_LeadStage" time="15.795" classname="praveen_Developing.CarrierSignupActions_Test">
    <error type="org.openqa.selenium.WebDriverException" message="Returned value cannot be converted to WebElement: {stacktrace=Backtrace:
	Ordinal0 [0x00B2A903+1550595]
	Ordinal0 [0x00AAA701+1025793]
	Ordinal0 [0x00A2C58E+509326]
	Ordinal0 [0x009C0FB9+69561]
	Ordinal0 [0x009D8DD7+167383]
	Ordinal0 [0x009D77F2+161778]
	Ordinal0 [0x009D73CA+160714]
	Ordinal0 [0x009B221E+8734]
	Ordinal0 [0x009B2606+9734]
	Ordinal0 [0x009B2C80+11392]
	Ordinal0 [0x00AC42C7+1131207]
	GetHandleVerifier [0x00BC70FD+523789]
	GetHandleVerifier [0x00BC6E90+523168]
	GetHandleVerifier [0x00BCE1E7+552695]
	GetHandleVerifier [0x00BC78FA+525834]
	Ordinal0 [0x00ABB7FC+1095676]
	Ordinal0 [0x009B2053+8275]
	Ordinal0 [0x009B1DA7+7591]
	GetHandleVerifier [0x00F2A3BC+4075724]
	BaseThreadInitThunk [0x76CA0419+25]
	RtlGetAppContainerNamedObjectPath [0x77C1662D+237]
	RtlGetAppContainerNamedObjectPath [0x77C165FD+189]
, error=invalid session id, message=invalid session id}
Build info: version: &#039;2.45.0&#039;, revision: &#039;5017cb8e7ca8e37638dc3091b2440b90a1d8686f&#039;, time: &#039;2015-02-27 09:10:26&#039;
System info: host: &#039;S-23&#039;, ip: &#039;192.168.1.157&#039;, os.name: &#039;Windows 10&#039;, os.arch: &#039;amd64&#039;, os.version: &#039;10.0&#039;, java.version: &#039;1.8.0_181&#039;
Driver info: driver.version: RemoteWebDriver">
      <![CDATA[org.openqa.selenium.WebDriverException: Returned value cannot be converted to WebElement: {stacktrace=Backtrace:
Ordinal0 [0x00B2A903+1550595]
Ordinal0 [0x00AAA701+1025793]
Ordinal0 [0x00A2C58E+509326]
Ordinal0 [0x009C0FB9+69561]
Ordinal0 [0x009D8DD7+167383]
Ordinal0 [0x009D77F2+161778]
Ordinal0 [0x009D73CA+160714]
Ordinal0 [0x009B221E+8734]
Ordinal0 [0x009B2606+9734]
Ordinal0 [0x009B2C80+11392]
Ordinal0 [0x00AC42C7+1131207]
GetHandleVerifier [0x00BC70FD+523789]
GetHandleVerifier [0x00BC6E90+523168]
GetHandleVerifier [0x00BCE1E7+552695]
GetHandleVerifier [0x00BC78FA+525834]
Ordinal0 [0x00ABB7FC+1095676]
Ordinal0 [0x009B2053+8275]
Ordinal0 [0x009B1DA7+7591]
GetHandleVerifier [0x00F2A3BC+4075724]
BaseThreadInitThunk [0x76CA0419+25]
RtlGetAppContainerNamedObjectPath [0x77C1662D+237]
RtlGetAppContainerNamedObjectPath [0x77C165FD+189]
, error=invalid session id, message=invalid session id}
Build info: version: '2.45.0', revision: '5017cb8e7ca8e37638dc3091b2440b90a1d8686f', time: '2015-02-27 09:10:26'
System info: host: 'S-23', ip: '192.168.1.157', os.name: 'Windows 10', os.arch: 'amd64', os.version: '10.0', java.version: '1.8.0_181'
Driver info: driver.version: RemoteWebDriver
at org.openqa.selenium.remote.RemoteWebDriver.findElement(RemoteWebDriver.java:359)
at org.openqa.selenium.remote.RemoteWebDriver.findElementById(RemoteWebDriver.java:393)
at org.openqa.selenium.By$ById.findElement(By.java:214)
at org.openqa.selenium.remote.RemoteWebDriver.findElement(RemoteWebDriver.java:344)
at praveen_Developing.Locators_CarrieSignup.DotNumber(Locators_CarrieSignup.java:45)
at praveen_Developing.CarrierSignupActions_Test.carrier_LeadStage(CarrierSignupActions_Test.java:96)
at sun.reflect.NativeMethodAccessorImpl.invoke0(Native Method)
at sun.reflect.NativeMethodAccessorImpl.invoke(NativeMethodAccessorImpl.java:62)
at sun.reflect.DelegatingMethodAccessorImpl.invoke(DelegatingMethodAccessorImpl.java:43)
at java.lang.reflect.Method.invoke(Method.java:498)
at org.testng.internal.MethodInvocationHelper.invokeMethod(MethodInvocationHelper.java:133)
at org.testng.internal.TestInvoker.invokeMethod(TestInvoker.java:584)
at org.testng.internal.TestInvoker.invokeTestMethod(TestInvoker.java:172)
at org.testng.internal.MethodRunner.runInSequence(MethodRunner.java:46)
at org.testng.internal.TestInvoker$MethodInvocationAgent.invoke(TestInvoker.java:804)
at org.testng.internal.TestInvoker.invokeTestMethods(TestInvoker.java:145)
at org.testng.internal.TestMethodWorker.invokeTestMethods(TestMethodWorker.java:146)
at org.testng.internal.TestMethodWorker.run(TestMethodWorker.java:128)
at java.util.ArrayList.forEach(ArrayList.java:1257)
at org.testng.TestRunner.privateRun(TestRunner.java:770)
at org.testng.TestRunner.run(TestRunner.java:591)
at org.testng.SuiteRunner.runTest(SuiteRunner.java:402)
at org.testng.SuiteRunner.runSequentially(SuiteRunner.java:396)
at org.testng.SuiteRunner.privateRun(SuiteRunner.java:355)
at org.testng.SuiteRunner.run(SuiteRunner.java:304)
at org.testng.SuiteRunnerWorker.runSuite(SuiteRunnerWorker.java:53)
at org.testng.SuiteRunnerWorker.run(SuiteRunnerWorker.java:96)
at org.testng.TestNG.runSuitesSequentially(TestNG.java:1180)
at org.testng.TestNG.runSuitesLocally(TestNG.java:1102)
at org.testng.TestNG.runSuites(TestNG.java:1032)
at org.testng.TestNG.run(TestNG.java:1000)
at org.testng.remote.AbstractRemoteTestNG.run(AbstractRemoteTestNG.java:115)
at org.testng.remote.RemoteTestNG.initAndRun(RemoteTestNG.java:251)
at org.testng.remote.RemoteTestNG.main(RemoteTestNG.java:77)
Caused by: java.lang.ClassCastException: com.google.common.collect.Maps$TransformedEntriesMap cannot be cast to org.openqa.selenium.WebElement
at org.openqa.selenium.remote.RemoteWebDriver.findElement(RemoteWebDriver.java:357)
... 33 more
]]>
    </error>
  </testcase> <!-- carrier_LeadStage -->
  <testcase name="carrier_LeadStage_Lanes" time="0.011" classname="praveen_Developing.CarrierSignupActions_Test">
    <error type="org.openqa.selenium.WebDriverException" message="Returned value cannot be converted to List&lt;String&gt;: {stacktrace=Backtrace:
	Ordinal0 [0x00B2A903+1550595]
	Ordinal0 [0x00AAA701+1025793]
	Ordinal0 [0x00A2C58E+509326]
	Ordinal0 [0x009C0FB9+69561]
	Ordinal0 [0x009D8DD7+167383]
	Ordinal0 [0x009D77F2+161778]
	Ordinal0 [0x009D73CA+160714]
	Ordinal0 [0x009B221E+8734]
	Ordinal0 [0x009B2606+9734]
	Ordinal0 [0x009B2C80+11392]
	Ordinal0 [0x00AC42C7+1131207]
	GetHandleVerifier [0x00BC70FD+523789]
	GetHandleVerifier [0x00BC6E90+523168]
	GetHandleVerifier [0x00BCE1E7+552695]
	GetHandleVerifier [0x00BC78FA+525834]
	Ordinal0 [0x00ABB7FC+1095676]
	Ordinal0 [0x009B2053+8275]
	Ordinal0 [0x009B1DA7+7591]
	GetHandleVerifier [0x00F2A3BC+4075724]
	BaseThreadInitThunk [0x76CA0419+25]
	RtlGetAppContainerNamedObjectPath [0x77C1662D+237]
	RtlGetAppContainerNamedObjectPath [0x77C165FD+189]
, error=invalid session id, message=invalid session id}
Build info: version: &#039;2.45.0&#039;, revision: &#039;5017cb8e7ca8e37638dc3091b2440b90a1d8686f&#039;, time: &#039;2015-02-27 09:10:26&#039;
System info: host: &#039;S-23&#039;, ip: &#039;192.168.1.157&#039;, os.name: &#039;Windows 10&#039;, os.arch: &#039;amd64&#039;, os.version: &#039;10.0&#039;, java.version: &#039;1.8.0_181&#039;
Driver info: driver.version: RemoteWebDriver">
      <![CDATA[org.openqa.selenium.WebDriverException: Returned value cannot be converted to List<String>: {stacktrace=Backtrace:
Ordinal0 [0x00B2A903+1550595]
Ordinal0 [0x00AAA701+1025793]
Ordinal0 [0x00A2C58E+509326]
Ordinal0 [0x009C0FB9+69561]
Ordinal0 [0x009D8DD7+167383]
Ordinal0 [0x009D77F2+161778]
Ordinal0 [0x009D73CA+160714]
Ordinal0 [0x009B221E+8734]
Ordinal0 [0x009B2606+9734]
Ordinal0 [0x009B2C80+11392]
Ordinal0 [0x00AC42C7+1131207]
GetHandleVerifier [0x00BC70FD+523789]
GetHandleVerifier [0x00BC6E90+523168]
GetHandleVerifier [0x00BCE1E7+552695]
GetHandleVerifier [0x00BC78FA+525834]
Ordinal0 [0x00ABB7FC+1095676]
Ordinal0 [0x009B2053+8275]
Ordinal0 [0x009B1DA7+7591]
GetHandleVerifier [0x00F2A3BC+4075724]
BaseThreadInitThunk [0x76CA0419+25]
RtlGetAppContainerNamedObjectPath [0x77C1662D+237]
RtlGetAppContainerNamedObjectPath [0x77C165FD+189]
, error=invalid session id, message=invalid session id}
Build info: version: '2.45.0', revision: '5017cb8e7ca8e37638dc3091b2440b90a1d8686f', time: '2015-02-27 09:10:26'
System info: host: 'S-23', ip: '192.168.1.157', os.name: 'Windows 10', os.arch: 'amd64', os.version: '10.0', java.version: '1.8.0_181'
Driver info: driver.version: RemoteWebDriver
at org.openqa.selenium.remote.RemoteWebDriver.getWindowHandles(RemoteWebDriver.java:483)
at praveen_Developing.CarrierSignupActions_Test.CarrierSignup(CarrierSignupActions_Test.java:43)
at praveen_Developing.CarrierSignupActions_Test.carrier_LeadStage_Lanes(CarrierSignupActions_Test.java:229)
at sun.reflect.NativeMethodAccessorImpl.invoke0(Native Method)
at sun.reflect.NativeMethodAccessorImpl.invoke(NativeMethodAccessorImpl.java:62)
at sun.reflect.DelegatingMethodAccessorImpl.invoke(DelegatingMethodAccessorImpl.java:43)
at java.lang.reflect.Method.invoke(Method.java:498)
at org.testng.internal.MethodInvocationHelper.invokeMethod(MethodInvocationHelper.java:133)
at org.testng.internal.TestInvoker.invokeMethod(TestInvoker.java:584)
at org.testng.internal.TestInvoker.invokeTestMethod(TestInvoker.java:172)
at org.testng.internal.MethodRunner.runInSequence(MethodRunner.java:46)
at org.testng.internal.TestInvoker$MethodInvocationAgent.invoke(TestInvoker.java:804)
at org.testng.internal.TestInvoker.invokeTestMethods(TestInvoker.java:145)
at org.testng.internal.TestMethodWorker.invokeTestMethods(TestMethodWorker.java:146)
at org.testng.internal.TestMethodWorker.run(TestMethodWorker.java:128)
at java.util.ArrayList.forEach(ArrayList.java:1257)
at org.testng.TestRunner.privateRun(TestRunner.java:770)
at org.testng.TestRunner.run(TestRunner.java:591)
at org.testng.SuiteRunner.runTest(SuiteRunner.java:402)
at org.testng.SuiteRunner.runSequentially(SuiteRunner.java:396)
at org.testng.SuiteRunner.privateRun(SuiteRunner.java:355)
at org.testng.SuiteRunner.run(SuiteRunner.java:304)
at org.testng.SuiteRunnerWorker.runSuite(SuiteRunnerWorker.java:53)
at org.testng.SuiteRunnerWorker.run(SuiteRunnerWorker.java:96)
at org.testng.TestNG.runSuitesSequentially(TestNG.java:1180)
at org.testng.TestNG.runSuitesLocally(TestNG.java:1102)
at org.testng.TestNG.runSuites(TestNG.java:1032)
at org.testng.TestNG.run(TestNG.java:1000)
at org.testng.remote.AbstractRemoteTestNG.run(AbstractRemoteTestNG.java:115)
at org.testng.remote.RemoteTestNG.initAndRun(RemoteTestNG.java:251)
at org.testng.remote.RemoteTestNG.main(RemoteTestNG.java:77)
Caused by: java.lang.ClassCastException: com.google.common.collect.Maps$TransformedEntriesMap cannot be cast to java.util.List
at org.openqa.selenium.remote.RemoteWebDriver.getWindowHandles(RemoteWebDriver.java:480)
... 30 more
]]>
    </error>
  </testcase> <!-- carrier_LeadStage_Lanes -->
  <testcase name="carrier_ContactStage" time="0.014" classname="praveen_Developing.CarrierSignupActions_Test">
    <error type="org.openqa.selenium.WebDriverException" message="Returned value cannot be converted to List&lt;String&gt;: {stacktrace=Backtrace:
	Ordinal0 [0x00B2A903+1550595]
	Ordinal0 [0x00AAA701+1025793]
	Ordinal0 [0x00A2C58E+509326]
	Ordinal0 [0x009C0FB9+69561]
	Ordinal0 [0x009D8DD7+167383]
	Ordinal0 [0x009D77F2+161778]
	Ordinal0 [0x009D73CA+160714]
	Ordinal0 [0x009B221E+8734]
	Ordinal0 [0x009B2606+9734]
	Ordinal0 [0x009B2C80+11392]
	Ordinal0 [0x00AC42C7+1131207]
	GetHandleVerifier [0x00BC70FD+523789]
	GetHandleVerifier [0x00BC6E90+523168]
	GetHandleVerifier [0x00BCE1E7+552695]
	GetHandleVerifier [0x00BC78FA+525834]
	Ordinal0 [0x00ABB7FC+1095676]
	Ordinal0 [0x009B2053+8275]
	Ordinal0 [0x009B1DA7+7591]
	GetHandleVerifier [0x00F2A3BC+4075724]
	BaseThreadInitThunk [0x76CA0419+25]
	RtlGetAppContainerNamedObjectPath [0x77C1662D+237]
	RtlGetAppContainerNamedObjectPath [0x77C165FD+189]
, error=invalid session id, message=invalid session id}
Build info: version: &#039;2.45.0&#039;, revision: &#039;5017cb8e7ca8e37638dc3091b2440b90a1d8686f&#039;, time: &#039;2015-02-27 09:10:26&#039;
System info: host: &#039;S-23&#039;, ip: &#039;192.168.1.157&#039;, os.name: &#039;Windows 10&#039;, os.arch: &#039;amd64&#039;, os.version: &#039;10.0&#039;, java.version: &#039;1.8.0_181&#039;
Driver info: driver.version: RemoteWebDriver">
      <![CDATA[org.openqa.selenium.WebDriverException: Returned value cannot be converted to List<String>: {stacktrace=Backtrace:
Ordinal0 [0x00B2A903+1550595]
Ordinal0 [0x00AAA701+1025793]
Ordinal0 [0x00A2C58E+509326]
Ordinal0 [0x009C0FB9+69561]
Ordinal0 [0x009D8DD7+167383]
Ordinal0 [0x009D77F2+161778]
Ordinal0 [0x009D73CA+160714]
Ordinal0 [0x009B221E+8734]
Ordinal0 [0x009B2606+9734]
Ordinal0 [0x009B2C80+11392]
Ordinal0 [0x00AC42C7+1131207]
GetHandleVerifier [0x00BC70FD+523789]
GetHandleVerifier [0x00BC6E90+523168]
GetHandleVerifier [0x00BCE1E7+552695]
GetHandleVerifier [0x00BC78FA+525834]
Ordinal0 [0x00ABB7FC+1095676]
Ordinal0 [0x009B2053+8275]
Ordinal0 [0x009B1DA7+7591]
GetHandleVerifier [0x00F2A3BC+4075724]
BaseThreadInitThunk [0x76CA0419+25]
RtlGetAppContainerNamedObjectPath [0x77C1662D+237]
RtlGetAppContainerNamedObjectPath [0x77C165FD+189]
, error=invalid session id, message=invalid session id}
Build info: version: '2.45.0', revision: '5017cb8e7ca8e37638dc3091b2440b90a1d8686f', time: '2015-02-27 09:10:26'
System info: host: 'S-23', ip: '192.168.1.157', os.name: 'Windows 10', os.arch: 'amd64', os.version: '10.0', java.version: '1.8.0_181'
Driver info: driver.version: RemoteWebDriver
at org.openqa.selenium.remote.RemoteWebDriver.getWindowHandles(RemoteWebDriver.java:483)
at praveen_Developing.CarrierSignupActions_Test.CarrierSignup(CarrierSignupActions_Test.java:43)
at praveen_Developing.CarrierSignupActions_Test.carrier_ContactStage(CarrierSignupActions_Test.java:351)
at sun.reflect.NativeMethodAccessorImpl.invoke0(Native Method)
at sun.reflect.NativeMethodAccessorImpl.invoke(NativeMethodAccessorImpl.java:62)
at sun.reflect.DelegatingMethodAccessorImpl.invoke(DelegatingMethodAccessorImpl.java:43)
at java.lang.reflect.Method.invoke(Method.java:498)
at org.testng.internal.MethodInvocationHelper.invokeMethod(MethodInvocationHelper.java:133)
at org.testng.internal.TestInvoker.invokeMethod(TestInvoker.java:584)
at org.testng.internal.TestInvoker.invokeTestMethod(TestInvoker.java:172)
at org.testng.internal.MethodRunner.runInSequence(MethodRunner.java:46)
at org.testng.internal.TestInvoker$MethodInvocationAgent.invoke(TestInvoker.java:804)
at org.testng.internal.TestInvoker.invokeTestMethods(TestInvoker.java:145)
at org.testng.internal.TestMethodWorker.invokeTestMethods(TestMethodWorker.java:146)
at org.testng.internal.TestMethodWorker.run(TestMethodWorker.java:128)
at java.util.ArrayList.forEach(ArrayList.java:1257)
at org.testng.TestRunner.privateRun(TestRunner.java:770)
at org.testng.TestRunner.run(TestRunner.java:591)
at org.testng.SuiteRunner.runTest(SuiteRunner.java:402)
at org.testng.SuiteRunner.runSequentially(SuiteRunner.java:396)
at org.testng.SuiteRunner.privateRun(SuiteRunner.java:355)
at org.testng.SuiteRunner.run(SuiteRunner.java:304)
at org.testng.SuiteRunnerWorker.runSuite(SuiteRunnerWorker.java:53)
at org.testng.SuiteRunnerWorker.run(SuiteRunnerWorker.java:96)
at org.testng.TestNG.runSuitesSequentially(TestNG.java:1180)
at org.testng.TestNG.runSuitesLocally(TestNG.java:1102)
at org.testng.TestNG.runSuites(TestNG.java:1032)
at org.testng.TestNG.run(TestNG.java:1000)
at org.testng.remote.AbstractRemoteTestNG.run(AbstractRemoteTestNG.java:115)
at org.testng.remote.RemoteTestNG.initAndRun(RemoteTestNG.java:251)
at org.testng.remote.RemoteTestNG.main(RemoteTestNG.java:77)
Caused by: java.lang.ClassCastException: com.google.common.collect.Maps$TransformedEntriesMap cannot be cast to java.util.List
at org.openqa.selenium.remote.RemoteWebDriver.getWindowHandles(RemoteWebDriver.java:480)
... 30 more
]]>
    </error>
  </testcase> <!-- carrier_ContactStage -->
</testsuite> <!-- praveen_Developing.CarrierSignupActions_Test -->
