<?xml version="1.0" encoding="UTF-8"?>
<!-- Generated by org.testng.reporters.JUnitReportReporter -->
<testsuite skipped="0" hostname="S-23" name="blackList_Reason.Duplicate_ShipmentTC" tests="2" failures="0" timestamp="2020-02-17T12:15:00 IST" time="9.105" errors="0">
  <testcase name="LoggedIn_AmilFreight" time="9.103" classname="blackList_Reason.Duplicate_ShipmentTC"/>
  <testcase name="Navigation_AmilFreight" time="0.002" classname="blackList_Reason.Duplicate_ShipmentTC"/>
</testsuite> <!-- blackList_Reason.Duplicate_ShipmentTC -->
