<?xml version="1.0" encoding="UTF-8"?>
<!-- Generated by org.testng.reporters.JUnitReportReporter -->
<testsuite skipped="0" hostname="S-23" name="zUsed_Classes.DataBase_QuoteResponse" tests="1" failures="0" timestamp="2019-12-13T17:29:17 IST" time="310.178" errors="0">
  <testcase name="gettingvaluecategory" time="310.178" classname="zUsed_Classes.DataBase_QuoteResponse"/>
</testsuite> <!-- zUsed_Classes.DataBase_QuoteResponse -->
