<?xml version="1.0" encoding="UTF-8"?>
<!-- Generated by org.testng.reporters.JUnitReportReporter -->
<testsuite skipped="0" hostname="S-23" name="aaui_Operations.MenuNavigator_TestCase" tests="2" failures="0" timestamp="2020-02-17T12:15:00 IST" time="9.242" errors="0">
  <testcase name="LoggedIn_AmilFreight" time="9.240" classname="aaui_Operations.MenuNavigator_TestCase"/>
  <testcase name="Navigation_AmilFreight" time="0.002" classname="aaui_Operations.MenuNavigator_TestCase"/>
</testsuite> <!-- aaui_Operations.MenuNavigator_TestCase -->
