<?xml version="1.0" encoding="UTF-8"?>
<!-- Generated by org.testng.reporters.JUnitReportReporter -->
<testsuite skipped="0" hostname="S-23" name="task_Management.TaskMgmt_TestCase" tests="2" failures="0" timestamp="2020-03-03T13:26:16 IST" time="21.166" errors="0">
  <testcase name="LoggedIn_AmilFreight" time="10.603" classname="task_Management.TaskMgmt_TestCase"/>
  <testcase name="Task_management" time="10.563" classname="task_Management.TaskMgmt_TestCase"/>
</testsuite> <!-- task_Management.TaskMgmt_TestCase -->
