<?xml version="1.0" encoding="UTF-8"?>
<!-- Generated by org.testng.reporters.JUnitReportReporter -->
<testsuite skipped="0" hostname="S-23" name="testcases_Amil.AMF000TC_ShipperCRMConcept_1" tests="3" failures="0" timestamp="2019-10-18T12:20:04 IST" time="206.012" errors="0">
  <testcase name="LoggedIn_AmilFreight" time="7.323" classname="testcases_Amil.AMF000TC_ShipperCRMConcept_1"/>
  <testcase name="ShipperCRM_AmilFreight" time="194.069" classname="testcases_Amil.AMF000TC_ShipperCRMConcept_1"/>
  <testcase name="LoggedOut_AmilFreight" time="4.620" classname="testcases_Amil.AMF000TC_ShipperCRMConcept_1"/>
</testsuite> <!-- testcases_Amil.AMF000TC_ShipperCRMConcept_1 -->
