<?xml version="1.0" encoding="UTF-8"?>
<!-- Generated by org.testng.reporters.JUnitReportReporter -->
<testsuite skipped="0" hostname="S-23" name="testcases_Amil.AMF000TC_ShipperCRMConcept_2" tests="3" failures="0" timestamp="2019-10-18T12:56:15 IST" time="164.823" errors="0">
  <testcase name="LoggedIn_AmilFreight" time="7.193" classname="testcases_Amil.AMF000TC_ShipperCRMConcept_2"/>
  <testcase name="ShipperCRM_AmilFreight_AmilFreight" time="153.018" classname="testcases_Amil.AMF000TC_ShipperCRMConcept_2"/>
  <testcase name="LoggedOut_AmilFreight" time="4.612" classname="testcases_Amil.AMF000TC_ShipperCRMConcept_2"/>
</testsuite> <!-- testcases_Amil.AMF000TC_ShipperCRMConcept_2 -->
