<?xml version="1.0" encoding="UTF-8"?>
<!-- Generated by org.testng.reporters.JUnitReportReporter -->
<testsuite skipped="0" hostname="S-23" name="testcases_Amil.AMF003TC_CarrierCRMConcepts" tests="2" failures="0" timestamp="2019-10-18T11:27:17 IST" time="73.911" errors="0">
  <testcase name="LoggedIn_AmilFreight" time="7.437" classname="testcases_Amil.AMF003TC_CarrierCRMConcepts"/>
  <testcase name="Carrier_SignUp2" time="66.474" classname="testcases_Amil.AMF003TC_CarrierCRMConcepts"/>
</testsuite> <!-- testcases_Amil.AMF003TC_CarrierCRMConcepts -->
